#
# There is insufficient memory for the Java Runtime Environment to continue.
# Native memory allocation (malloc) failed to allocate 1127856 bytes for Chunk::new
# Possible reasons:
#   The system is out of physical RAM or swap space
#   The process is running with CompressedOops enabled, and the Java Heap may be blocking the growth of the native heap
# Possible solutions:
#   Reduce memory load on the system
#   Increase physical memory or swap space
#   Check if swap backing store is full
#   Decrease Java heap size (-Xmx/-Xms)
#   Decrease number of Java threads
#   Decrease Java thread stack sizes (-Xss)
#   Set larger code cache with -XX:ReservedCodeCacheSize=
#   JVM is running with Unscaled Compressed Oops mode in which the Java heap is
#     placed in the first 4GB address space. The Java Heap base address is the
#     maximum limit for the native heap growth. Please use -XX:HeapBaseMinAddress
#     to set the Java Heap base and to place the Java Heap above 4GB virtual address.
# This output file may be truncated or incomplete.
#
#  Out of Memory Error (arena.cpp:191), pid=17864, tid=24288
#
# JRE version: OpenJDK Runtime Environment Corretto-17.0.10.7.1 (17.0.10+7) (build 17.0.10+7-LTS)
# Java VM: OpenJDK 64-Bit Server VM Corretto-17.0.10.7.1 (17.0.10+7-LTS, mixed mode, sharing, tiered, compressed oops, compressed class ptrs, g1 gc, windows-amd64)
# No core dump will be written. Minidumps are not enabled by default on client versions of Windows
#

---------------  S U M M A R Y ------------

Command Line: --add-opens=java.base/java.util=ALL-UNNAMED --add-opens=java.base/java.lang=ALL-UNNAMED --add-opens=java.base/java.lang.invoke=ALL-UNNAMED --add-opens=java.prefs/java.util.prefs=ALL-UNNAMED --add-opens=java.base/java.nio.charset=ALL-UNNAMED --add-opens=java.base/java.net=ALL-UNNAMED --add-opens=java.base/java.util.concurrent.atomic=ALL-UNNAMED -XX:MaxMetaspaceSize=384m -XX:+HeapDumpOnOutOfMemoryError -Xms256m -Xmx512m -Dfile.encoding=windows-1252 -Duser.country=US -Duser.language=en -Duser.variant -javaagent:C:\Users\AD\.gradle\wrapper\dists\gradle-8.7-bin\bhs2wmbdwecv87pi65oeuq5iu\gradle-8.7\lib\agents\gradle-instrumentation-agent-8.7.jar org.gradle.launcher.daemon.bootstrap.GradleDaemon 8.7

Host: Intel(R) Core(TM) i5-8265U CPU @ 1.60GHz, 8 cores, 11G,  Windows 10 , 64 bit Build 19041 (10.0.19041.3636)
Time: Wed May  8 21:47:13 2024 SE Asia Standard Time elapsed time: 15.654724 seconds (0d 0h 0m 15s)

---------------  T H R E A D  ---------------

Current thread (0x000001339b572ca0):  JavaThread "C2 CompilerThread0" daemon [_thread_in_native, id=24288, stack(0x0000002d7da00000,0x0000002d7db00000)]


Current CompileTask:
C2:  15654 2129       4       jdk.internal.org.objectweb.asm.Frame::execute (2305 bytes)

Stack: [0x0000002d7da00000,0x0000002d7db00000]
Native frames: (J=compiled Java code, j=interpreted, Vv=VM code, C=native code)
V  [jvm.dll+0x67d2c9]
V  [jvm.dll+0x834b1a]
V  [jvm.dll+0x8365de]
V  [jvm.dll+0x836c43]
V  [jvm.dll+0x2477ff]
V  [jvm.dll+0xac514]
V  [jvm.dll+0xacb5c]
V  [jvm.dll+0x366782]
V  [jvm.dll+0x1bcd86]
V  [jvm.dll+0x21a049]
V  [jvm.dll+0x219311]
V  [jvm.dll+0x1a502d]
V  [jvm.dll+0x2290de]
V  [jvm.dll+0x2272ac]
V  [jvm.dll+0x7e9bd7]
V  [jvm.dll+0x7e3fda]
V  [jvm.dll+0x67c1b5]
C  [ucrtbase.dll+0x21bb2]
C  [KERNEL32.DLL+0x17344]
C  [ntdll.dll+0x526b1]


---------------  P R O C E S S  ---------------

Threads class SMR info:
_java_thread_list=0x00000133b7603d40, length=24, elements={
0x00000133fe9be6c0, 0x000001339b554590, 0x000001339b555320, 0x000001339b56df70,
0x000001339b56ea40, 0x000001339b571720, 0x000001339b571ff0, 0x000001339b572ca0,
0x000001339b5bd590, 0x000001339b5bdab0, 0x000001339b53e6e0, 0x000001339b8e5880,
0x00000133b71f4460, 0x00000133b6f217e0, 0x00000133b63c7560, 0x00000133b5b43510,
0x00000133b63483e0, 0x00000133b5ac5f20, 0x00000133b5ac6e50, 0x00000133b5ac7360,
0x00000133b5ac6430, 0x00000133b5ac4ff0, 0x00000133b5ac7d80, 0x00000133b5ac8290
}

Java Threads: ( => current thread )
  0x00000133fe9be6c0 JavaThread "main" [_thread_blocked, id=3736, stack(0x0000002d7cd00000,0x0000002d7ce00000)]
  0x000001339b554590 JavaThread "Reference Handler" daemon [_thread_blocked, id=12464, stack(0x0000002d7d400000,0x0000002d7d500000)]
  0x000001339b555320 JavaThread "Finalizer" daemon [_thread_blocked, id=21432, stack(0x0000002d7d500000,0x0000002d7d600000)]
  0x000001339b56df70 JavaThread "Signal Dispatcher" daemon [_thread_blocked, id=11660, stack(0x0000002d7d600000,0x0000002d7d700000)]
  0x000001339b56ea40 JavaThread "Attach Listener" daemon [_thread_blocked, id=8532, stack(0x0000002d7d700000,0x0000002d7d800000)]
  0x000001339b571720 JavaThread "Service Thread" daemon [_thread_blocked, id=2588, stack(0x0000002d7d800000,0x0000002d7d900000)]
  0x000001339b571ff0 JavaThread "Monitor Deflation Thread" daemon [_thread_blocked, id=10324, stack(0x0000002d7d900000,0x0000002d7da00000)]
=>0x000001339b572ca0 JavaThread "C2 CompilerThread0" daemon [_thread_in_native, id=24288, stack(0x0000002d7da00000,0x0000002d7db00000)]
  0x000001339b5bd590 JavaThread "C1 CompilerThread0" daemon [_thread_blocked, id=23892, stack(0x0000002d7db00000,0x0000002d7dc00000)]
  0x000001339b5bdab0 JavaThread "Sweeper thread" daemon [_thread_blocked, id=132, stack(0x0000002d7dc00000,0x0000002d7dd00000)]
  0x000001339b53e6e0 JavaThread "Common-Cleaner" daemon [_thread_blocked, id=21184, stack(0x0000002d7dd00000,0x0000002d7de00000)]
  0x000001339b8e5880 JavaThread "Notification Thread" daemon [_thread_blocked, id=13084, stack(0x0000002d7de00000,0x0000002d7df00000)]
  0x00000133b71f4460 JavaThread "Daemon health stats" [_thread_blocked, id=6480, stack(0x0000002d7e500000,0x0000002d7e600000)]
  0x00000133b6f217e0 JavaThread "Incoming local TCP Connector on port 56435" [_thread_in_native, id=8272, stack(0x0000002d7e600000,0x0000002d7e700000)]
  0x00000133b63c7560 JavaThread "Daemon periodic checks" [_thread_blocked, id=25896, stack(0x0000002d7e700000,0x0000002d7e800000)]
  0x00000133b5b43510 JavaThread "Daemon" [_thread_blocked, id=17896, stack(0x0000002d7e800000,0x0000002d7e900000)]
  0x00000133b63483e0 JavaThread "Handler for socket connection from /127.0.0.1:56435 to /127.0.0.1:56436" [_thread_in_native, id=16136, stack(0x0000002d7e900000,0x0000002d7ea00000)]
  0x00000133b5ac5f20 JavaThread "Cancel handler" [_thread_blocked, id=11236, stack(0x0000002d7ea00000,0x0000002d7eb00000)]
  0x00000133b5ac6e50 JavaThread "Daemon worker" [_thread_blocked, id=20132, stack(0x0000002d7eb00000,0x0000002d7ec00000)]
  0x00000133b5ac7360 JavaThread "Asynchronous log dispatcher for DefaultDaemonConnection: socket connection from /127.0.0.1:56435 to /127.0.0.1:56436" [_thread_blocked, id=14356, stack(0x0000002d7ec00000,0x0000002d7ed00000)]
  0x00000133b5ac6430 JavaThread "Stdin handler" [_thread_blocked, id=6744, stack(0x0000002d7ed00000,0x0000002d7ee00000)]
  0x00000133b5ac4ff0 JavaThread "Daemon client event forwarder" [_thread_blocked, id=6148, stack(0x0000002d7ee00000,0x0000002d7ef00000)]
  0x00000133b5ac7d80 JavaThread "Cache worker for journal cache (C:\Users\AD\.gradle\caches\journal-1)" [_thread_blocked, id=23664, stack(0x0000002d7ef00000,0x0000002d7f000000)]
  0x00000133b5ac8290 JavaThread "File lock request listener" [_thread_in_native, id=21860, stack(0x0000002d7f000000,0x0000002d7f100000)]

Other Threads:
  0x000001339b550620 VMThread "VM Thread" [stack: 0x0000002d7d300000,0x0000002d7d400000] [id=22092]
  0x00000133fe9bf490 WatcherThread [stack: 0x0000002d7df00000,0x0000002d7e000000] [id=836]
  0x00000133fe9ede40 GCTaskThread "GC Thread#0" [stack: 0x0000002d7ce00000,0x0000002d7cf00000] [id=1436]
  0x00000133b585f960 GCTaskThread "GC Thread#1" [stack: 0x0000002d7e000000,0x0000002d7e100000] [id=10480]
  0x00000133b585fc20 GCTaskThread "GC Thread#2" [stack: 0x0000002d7e100000,0x0000002d7e200000] [id=9148]
  0x00000133b57e65f0 GCTaskThread "GC Thread#3" [stack: 0x0000002d7e200000,0x0000002d7e300000] [id=21820]
  0x00000133b57e68b0 GCTaskThread "GC Thread#4" [stack: 0x0000002d7e300000,0x0000002d7e400000] [id=24224]
  0x00000133b58c7c30 GCTaskThread "GC Thread#5" [stack: 0x0000002d7e400000,0x0000002d7e500000] [id=23844]
  0x00000133fe9f2ca0 ConcurrentGCThread "G1 Main Marker" [stack: 0x0000002d7cf00000,0x0000002d7d000000] [id=23928]
  0x00000133fe9f35d0 ConcurrentGCThread "G1 Conc#0" [stack: 0x0000002d7d000000,0x0000002d7d100000] [id=1596]
  0x00000133fea7da80 ConcurrentGCThread "G1 Refine#0" [stack: 0x0000002d7d100000,0x0000002d7d200000] [id=14636]
  0x00000133fea7e3c0 ConcurrentGCThread "G1 Service" [stack: 0x0000002d7d200000,0x0000002d7d300000] [id=23032]

Threads with active compile tasks:
C2 CompilerThread0    15708 2129       4       jdk.internal.org.objectweb.asm.Frame::execute (2305 bytes)

VM state: not at safepoint (normal execution)

VM Mutex/Monitor currently owned by a thread: None

Heap address: 0x00000000e0000000, size: 512 MB, Compressed Oops mode: 32-bit

CDS archive(s) mapped at: [0x000001339c000000-0x000001339cbb0000-0x000001339cbb0000), size 12255232, SharedBaseAddress: 0x000001339c000000, ArchiveRelocationMode: 1.
Compressed class space mapped at: 0x000001339d000000-0x00000133b1000000, reserved size: 335544320
Narrow klass base: 0x000001339c000000, Narrow klass shift: 0, Narrow klass range: 0x100000000

GC Precious Log:
 CPUs: 8 total, 8 available
 Memory: 12148M
 Large Page Support: Disabled
 NUMA Support: Disabled
 Compressed Oops: Enabled (32-bit)
 Heap Region Size: 1M
 Heap Min Capacity: 256M
 Heap Initial Capacity: 256M
 Heap Max Capacity: 512M
 Pre-touch: Disabled
 Parallel Workers: 8
 Concurrent Workers: 2
 Concurrent Refinement Workers: 8
 Periodic GC: Disabled

Heap:
 garbage-first heap   total 262144K, used 73253K [0x00000000e0000000, 0x0000000100000000)
  region size 1024K, 62 young (63488K), 1 survivors (1024K)
 Metaspace       used 13718K, committed 14016K, reserved 393216K
  class space    used 1895K, committed 2048K, reserved 327680K

Heap Regions: E=young(eden), S=young(survivor), O=old, HS=humongous(starts), HC=humongous(continues), CS=collection set, F=free, OA=open archive, CA=closed archive, TAMS=top-at-mark-start (previous, next)
|   0|0x00000000e0000000, 0x00000000e0100000, 0x00000000e0100000|100%|HS|  |TAMS 0x00000000e0000000, 0x00000000e0000000| Complete 
|   1|0x00000000e0100000, 0x00000000e0200000, 0x00000000e0200000|100%|HC|  |TAMS 0x00000000e0100000, 0x00000000e0100000| Complete 
|   2|0x00000000e0200000, 0x00000000e0300000, 0x00000000e0300000|100%|HC|  |TAMS 0x00000000e0200000, 0x00000000e0200000| Complete 
|   3|0x00000000e0300000, 0x00000000e0400000, 0x00000000e0400000|100%|HC|  |TAMS 0x00000000e0300000, 0x00000000e0300000| Complete 
|   4|0x00000000e0400000, 0x00000000e0500000, 0x00000000e0500000|100%| O|  |TAMS 0x00000000e0400000, 0x00000000e0400000| Untracked 
|   5|0x00000000e0500000, 0x00000000e0600000, 0x00000000e0600000|100%| O|  |TAMS 0x00000000e0500000, 0x00000000e0500000| Untracked 
|   6|0x00000000e0600000, 0x00000000e0700000, 0x00000000e0700000|100%| O|  |TAMS 0x00000000e0600000, 0x00000000e0600000| Untracked 
|   7|0x00000000e0700000, 0x00000000e0800000, 0x00000000e0800000|100%| O|  |TAMS 0x00000000e0700000, 0x00000000e0700000| Untracked 
|   8|0x00000000e0800000, 0x00000000e0900000, 0x00000000e0900000|100%| O|  |TAMS 0x00000000e0800000, 0x00000000e0800000| Untracked 
|   9|0x00000000e0900000, 0x00000000e0a00000, 0x00000000e0a00000|100%| O|  |TAMS 0x00000000e0900000, 0x00000000e0900000| Untracked 
|  10|0x00000000e0a00000, 0x00000000e0abbc00, 0x00000000e0b00000| 73%| O|  |TAMS 0x00000000e0a00000, 0x00000000e0a00000| Untracked 
|  11|0x00000000e0b00000, 0x00000000e0c00000, 0x00000000e0c00000|100%|HS|  |TAMS 0x00000000e0b00000, 0x00000000e0b00000| Complete 
|  12|0x00000000e0c00000, 0x00000000e0c00000, 0x00000000e0d00000|  0%| F|  |TAMS 0x00000000e0c00000, 0x00000000e0c00000| Untracked 
|  13|0x00000000e0d00000, 0x00000000e0d00000, 0x00000000e0e00000|  0%| F|  |TAMS 0x00000000e0d00000, 0x00000000e0d00000| Untracked 
|  14|0x00000000e0e00000, 0x00000000e0e00000, 0x00000000e0f00000|  0%| F|  |TAMS 0x00000000e0e00000, 0x00000000e0e00000| Untracked 
|  15|0x00000000e0f00000, 0x00000000e0f00000, 0x00000000e1000000|  0%| F|  |TAMS 0x00000000e0f00000, 0x00000000e0f00000| Untracked 
|  16|0x00000000e1000000, 0x00000000e1000000, 0x00000000e1100000|  0%| F|  |TAMS 0x00000000e1000000, 0x00000000e1000000| Untracked 
|  17|0x00000000e1100000, 0x00000000e1100000, 0x00000000e1200000|  0%| F|  |TAMS 0x00000000e1100000, 0x00000000e1100000| Untracked 
|  18|0x00000000e1200000, 0x00000000e1200000, 0x00000000e1300000|  0%| F|  |TAMS 0x00000000e1200000, 0x00000000e1200000| Untracked 
|  19|0x00000000e1300000, 0x00000000e1300000, 0x00000000e1400000|  0%| F|  |TAMS 0x00000000e1300000, 0x00000000e1300000| Untracked 
|  20|0x00000000e1400000, 0x00000000e1400000, 0x00000000e1500000|  0%| F|  |TAMS 0x00000000e1400000, 0x00000000e1400000| Untracked 
|  21|0x00000000e1500000, 0x00000000e1500000, 0x00000000e1600000|  0%| F|  |TAMS 0x00000000e1500000, 0x00000000e1500000| Untracked 
|  22|0x00000000e1600000, 0x00000000e1600000, 0x00000000e1700000|  0%| F|  |TAMS 0x00000000e1600000, 0x00000000e1600000| Untracked 
|  23|0x00000000e1700000, 0x00000000e1700000, 0x00000000e1800000|  0%| F|  |TAMS 0x00000000e1700000, 0x00000000e1700000| Untracked 
|  24|0x00000000e1800000, 0x00000000e1800000, 0x00000000e1900000|  0%| F|  |TAMS 0x00000000e1800000, 0x00000000e1800000| Untracked 
|  25|0x00000000e1900000, 0x00000000e1900000, 0x00000000e1a00000|  0%| F|  |TAMS 0x00000000e1900000, 0x00000000e1900000| Untracked 
|  26|0x00000000e1a00000, 0x00000000e1a00000, 0x00000000e1b00000|  0%| F|  |TAMS 0x00000000e1a00000, 0x00000000e1a00000| Untracked 
|  27|0x00000000e1b00000, 0x00000000e1b00000, 0x00000000e1c00000|  0%| F|  |TAMS 0x00000000e1b00000, 0x00000000e1b00000| Untracked 
|  28|0x00000000e1c00000, 0x00000000e1c00000, 0x00000000e1d00000|  0%| F|  |TAMS 0x00000000e1c00000, 0x00000000e1c00000| Untracked 
|  29|0x00000000e1d00000, 0x00000000e1d00000, 0x00000000e1e00000|  0%| F|  |TAMS 0x00000000e1d00000, 0x00000000e1d00000| Untracked 
|  30|0x00000000e1e00000, 0x00000000e1e00000, 0x00000000e1f00000|  0%| F|  |TAMS 0x00000000e1e00000, 0x00000000e1e00000| Untracked 
|  31|0x00000000e1f00000, 0x00000000e1f00000, 0x00000000e2000000|  0%| F|  |TAMS 0x00000000e1f00000, 0x00000000e1f00000| Untracked 
|  32|0x00000000e2000000, 0x00000000e2000000, 0x00000000e2100000|  0%| F|  |TAMS 0x00000000e2000000, 0x00000000e2000000| Untracked 
|  33|0x00000000e2100000, 0x00000000e2100000, 0x00000000e2200000|  0%| F|  |TAMS 0x00000000e2100000, 0x00000000e2100000| Untracked 
|  34|0x00000000e2200000, 0x00000000e2200000, 0x00000000e2300000|  0%| F|  |TAMS 0x00000000e2200000, 0x00000000e2200000| Untracked 
|  35|0x00000000e2300000, 0x00000000e2300000, 0x00000000e2400000|  0%| F|  |TAMS 0x00000000e2300000, 0x00000000e2300000| Untracked 
|  36|0x00000000e2400000, 0x00000000e2400000, 0x00000000e2500000|  0%| F|  |TAMS 0x00000000e2400000, 0x00000000e2400000| Untracked 
|  37|0x00000000e2500000, 0x00000000e2500000, 0x00000000e2600000|  0%| F|  |TAMS 0x00000000e2500000, 0x00000000e2500000| Untracked 
|  38|0x00000000e2600000, 0x00000000e2600000, 0x00000000e2700000|  0%| F|  |TAMS 0x00000000e2600000, 0x00000000e2600000| Untracked 
|  39|0x00000000e2700000, 0x00000000e2700000, 0x00000000e2800000|  0%| F|  |TAMS 0x00000000e2700000, 0x00000000e2700000| Untracked 
|  40|0x00000000e2800000, 0x00000000e2800000, 0x00000000e2900000|  0%| F|  |TAMS 0x00000000e2800000, 0x00000000e2800000| Untracked 
|  41|0x00000000e2900000, 0x00000000e2900000, 0x00000000e2a00000|  0%| F|  |TAMS 0x00000000e2900000, 0x00000000e2900000| Untracked 
|  42|0x00000000e2a00000, 0x00000000e2a00000, 0x00000000e2b00000|  0%| F|  |TAMS 0x00000000e2a00000, 0x00000000e2a00000| Untracked 
|  43|0x00000000e2b00000, 0x00000000e2b00000, 0x00000000e2c00000|  0%| F|  |TAMS 0x00000000e2b00000, 0x00000000e2b00000| Untracked 
|  44|0x00000000e2c00000, 0x00000000e2c00000, 0x00000000e2d00000|  0%| F|  |TAMS 0x00000000e2c00000, 0x00000000e2c00000| Untracked 
|  45|0x00000000e2d00000, 0x00000000e2d00000, 0x00000000e2e00000|  0%| F|  |TAMS 0x00000000e2d00000, 0x00000000e2d00000| Untracked 
|  46|0x00000000e2e00000, 0x00000000e2e00000, 0x00000000e2f00000|  0%| F|  |TAMS 0x00000000e2e00000, 0x00000000e2e00000| Untracked 
|  47|0x00000000e2f00000, 0x00000000e2f00000, 0x00000000e3000000|  0%| F|  |TAMS 0x00000000e2f00000, 0x00000000e2f00000| Untracked 
|  48|0x00000000e3000000, 0x00000000e3000000, 0x00000000e3100000|  0%| F|  |TAMS 0x00000000e3000000, 0x00000000e3000000| Untracked 
|  49|0x00000000e3100000, 0x00000000e3100000, 0x00000000e3200000|  0%| F|  |TAMS 0x00000000e3100000, 0x00000000e3100000| Untracked 
|  50|0x00000000e3200000, 0x00000000e3200000, 0x00000000e3300000|  0%| F|  |TAMS 0x00000000e3200000, 0x00000000e3200000| Untracked 
|  51|0x00000000e3300000, 0x00000000e3300000, 0x00000000e3400000|  0%| F|  |TAMS 0x00000000e3300000, 0x00000000e3300000| Untracked 
|  52|0x00000000e3400000, 0x00000000e3400000, 0x00000000e3500000|  0%| F|  |TAMS 0x00000000e3400000, 0x00000000e3400000| Untracked 
|  53|0x00000000e3500000, 0x00000000e3500000, 0x00000000e3600000|  0%| F|  |TAMS 0x00000000e3500000, 0x00000000e3500000| Untracked 
|  54|0x00000000e3600000, 0x00000000e3600000, 0x00000000e3700000|  0%| F|  |TAMS 0x00000000e3600000, 0x00000000e3600000| Untracked 
|  55|0x00000000e3700000, 0x00000000e3700000, 0x00000000e3800000|  0%| F|  |TAMS 0x00000000e3700000, 0x00000000e3700000| Untracked 
|  56|0x00000000e3800000, 0x00000000e3800000, 0x00000000e3900000|  0%| F|  |TAMS 0x00000000e3800000, 0x00000000e3800000| Untracked 
|  57|0x00000000e3900000, 0x00000000e3900000, 0x00000000e3a00000|  0%| F|  |TAMS 0x00000000e3900000, 0x00000000e3900000| Untracked 
|  58|0x00000000e3a00000, 0x00000000e3a00000, 0x00000000e3b00000|  0%| F|  |TAMS 0x00000000e3a00000, 0x00000000e3a00000| Untracked 
|  59|0x00000000e3b00000, 0x00000000e3b00000, 0x00000000e3c00000|  0%| F|  |TAMS 0x00000000e3b00000, 0x00000000e3b00000| Untracked 
|  60|0x00000000e3c00000, 0x00000000e3c00000, 0x00000000e3d00000|  0%| F|  |TAMS 0x00000000e3c00000, 0x00000000e3c00000| Untracked 
|  61|0x00000000e3d00000, 0x00000000e3d00000, 0x00000000e3e00000|  0%| F|  |TAMS 0x00000000e3d00000, 0x00000000e3d00000| Untracked 
|  62|0x00000000e3e00000, 0x00000000e3e00000, 0x00000000e3f00000|  0%| F|  |TAMS 0x00000000e3e00000, 0x00000000e3e00000| Untracked 
|  63|0x00000000e3f00000, 0x00000000e3f00000, 0x00000000e4000000|  0%| F|  |TAMS 0x00000000e3f00000, 0x00000000e3f00000| Untracked 
|  64|0x00000000e4000000, 0x00000000e4000000, 0x00000000e4100000|  0%| F|  |TAMS 0x00000000e4000000, 0x00000000e4000000| Untracked 
|  65|0x00000000e4100000, 0x00000000e4100000, 0x00000000e4200000|  0%| F|  |TAMS 0x00000000e4100000, 0x00000000e4100000| Untracked 
|  66|0x00000000e4200000, 0x00000000e4200000, 0x00000000e4300000|  0%| F|  |TAMS 0x00000000e4200000, 0x00000000e4200000| Untracked 
|  67|0x00000000e4300000, 0x00000000e4300000, 0x00000000e4400000|  0%| F|  |TAMS 0x00000000e4300000, 0x00000000e4300000| Untracked 
|  68|0x00000000e4400000, 0x00000000e4400000, 0x00000000e4500000|  0%| F|  |TAMS 0x00000000e4400000, 0x00000000e4400000| Untracked 
|  69|0x00000000e4500000, 0x00000000e4500000, 0x00000000e4600000|  0%| F|  |TAMS 0x00000000e4500000, 0x00000000e4500000| Untracked 
|  70|0x00000000e4600000, 0x00000000e4600000, 0x00000000e4700000|  0%| F|  |TAMS 0x00000000e4600000, 0x00000000e4600000| Untracked 
|  71|0x00000000e4700000, 0x00000000e4700000, 0x00000000e4800000|  0%| F|  |TAMS 0x00000000e4700000, 0x00000000e4700000| Untracked 
|  72|0x00000000e4800000, 0x00000000e4800000, 0x00000000e4900000|  0%| F|  |TAMS 0x00000000e4800000, 0x00000000e4800000| Untracked 
|  73|0x00000000e4900000, 0x00000000e4900000, 0x00000000e4a00000|  0%| F|  |TAMS 0x00000000e4900000, 0x00000000e4900000| Untracked 
|  74|0x00000000e4a00000, 0x00000000e4a00000, 0x00000000e4b00000|  0%| F|  |TAMS 0x00000000e4a00000, 0x00000000e4a00000| Untracked 
|  75|0x00000000e4b00000, 0x00000000e4b00000, 0x00000000e4c00000|  0%| F|  |TAMS 0x00000000e4b00000, 0x00000000e4b00000| Untracked 
|  76|0x00000000e4c00000, 0x00000000e4c00000, 0x00000000e4d00000|  0%| F|  |TAMS 0x00000000e4c00000, 0x00000000e4c00000| Untracked 
|  77|0x00000000e4d00000, 0x00000000e4d00000, 0x00000000e4e00000|  0%| F|  |TAMS 0x00000000e4d00000, 0x00000000e4d00000| Untracked 
|  78|0x00000000e4e00000, 0x00000000e4e00000, 0x00000000e4f00000|  0%| F|  |TAMS 0x00000000e4e00000, 0x00000000e4e00000| Untracked 
|  79|0x00000000e4f00000, 0x00000000e4f00000, 0x00000000e5000000|  0%| F|  |TAMS 0x00000000e4f00000, 0x00000000e4f00000| Untracked 
|  80|0x00000000e5000000, 0x00000000e5000000, 0x00000000e5100000|  0%| F|  |TAMS 0x00000000e5000000, 0x00000000e5000000| Untracked 
|  81|0x00000000e5100000, 0x00000000e5100000, 0x00000000e5200000|  0%| F|  |TAMS 0x00000000e5100000, 0x00000000e5100000| Untracked 
|  82|0x00000000e5200000, 0x00000000e5200000, 0x00000000e5300000|  0%| F|  |TAMS 0x00000000e5200000, 0x00000000e5200000| Untracked 
|  83|0x00000000e5300000, 0x00000000e5300000, 0x00000000e5400000|  0%| F|  |TAMS 0x00000000e5300000, 0x00000000e5300000| Untracked 
|  84|0x00000000e5400000, 0x00000000e5400000, 0x00000000e5500000|  0%| F|  |TAMS 0x00000000e5400000, 0x00000000e5400000| Untracked 
|  85|0x00000000e5500000, 0x00000000e5500000, 0x00000000e5600000|  0%| F|  |TAMS 0x00000000e5500000, 0x00000000e5500000| Untracked 
|  86|0x00000000e5600000, 0x00000000e5600000, 0x00000000e5700000|  0%| F|  |TAMS 0x00000000e5600000, 0x00000000e5600000| Untracked 
|  87|0x00000000e5700000, 0x00000000e5700000, 0x00000000e5800000|  0%| F|  |TAMS 0x00000000e5700000, 0x00000000e5700000| Untracked 
|  88|0x00000000e5800000, 0x00000000e5800000, 0x00000000e5900000|  0%| F|  |TAMS 0x00000000e5800000, 0x00000000e5800000| Untracked 
|  89|0x00000000e5900000, 0x00000000e5900000, 0x00000000e5a00000|  0%| F|  |TAMS 0x00000000e5900000, 0x00000000e5900000| Untracked 
|  90|0x00000000e5a00000, 0x00000000e5a00000, 0x00000000e5b00000|  0%| F|  |TAMS 0x00000000e5a00000, 0x00000000e5a00000| Untracked 
|  91|0x00000000e5b00000, 0x00000000e5b00000, 0x00000000e5c00000|  0%| F|  |TAMS 0x00000000e5b00000, 0x00000000e5b00000| Untracked 
|  92|0x00000000e5c00000, 0x00000000e5c00000, 0x00000000e5d00000|  0%| F|  |TAMS 0x00000000e5c00000, 0x00000000e5c00000| Untracked 
|  93|0x00000000e5d00000, 0x00000000e5d00000, 0x00000000e5e00000|  0%| F|  |TAMS 0x00000000e5d00000, 0x00000000e5d00000| Untracked 
|  94|0x00000000e5e00000, 0x00000000e5e00000, 0x00000000e5f00000|  0%| F|  |TAMS 0x00000000e5e00000, 0x00000000e5e00000| Untracked 
|  95|0x00000000e5f00000, 0x00000000e5f00000, 0x00000000e6000000|  0%| F|  |TAMS 0x00000000e5f00000, 0x00000000e5f00000| Untracked 
|  96|0x00000000e6000000, 0x00000000e6000000, 0x00000000e6100000|  0%| F|  |TAMS 0x00000000e6000000, 0x00000000e6000000| Untracked 
|  97|0x00000000e6100000, 0x00000000e6100000, 0x00000000e6200000|  0%| F|  |TAMS 0x00000000e6100000, 0x00000000e6100000| Untracked 
|  98|0x00000000e6200000, 0x00000000e6200000, 0x00000000e6300000|  0%| F|  |TAMS 0x00000000e6200000, 0x00000000e6200000| Untracked 
|  99|0x00000000e6300000, 0x00000000e6300000, 0x00000000e6400000|  0%| F|  |TAMS 0x00000000e6300000, 0x00000000e6300000| Untracked 
| 100|0x00000000e6400000, 0x00000000e6400000, 0x00000000e6500000|  0%| F|  |TAMS 0x00000000e6400000, 0x00000000e6400000| Untracked 
| 101|0x00000000e6500000, 0x00000000e6500000, 0x00000000e6600000|  0%| F|  |TAMS 0x00000000e6500000, 0x00000000e6500000| Untracked 
| 102|0x00000000e6600000, 0x00000000e6600000, 0x00000000e6700000|  0%| F|  |TAMS 0x00000000e6600000, 0x00000000e6600000| Untracked 
| 103|0x00000000e6700000, 0x00000000e6700000, 0x00000000e6800000|  0%| F|  |TAMS 0x00000000e6700000, 0x00000000e6700000| Untracked 
| 104|0x00000000e6800000, 0x00000000e6800000, 0x00000000e6900000|  0%| F|  |TAMS 0x00000000e6800000, 0x00000000e6800000| Untracked 
| 105|0x00000000e6900000, 0x00000000e6900000, 0x00000000e6a00000|  0%| F|  |TAMS 0x00000000e6900000, 0x00000000e6900000| Untracked 
| 106|0x00000000e6a00000, 0x00000000e6a00000, 0x00000000e6b00000|  0%| F|  |TAMS 0x00000000e6a00000, 0x00000000e6a00000| Untracked 
| 107|0x00000000e6b00000, 0x00000000e6b00000, 0x00000000e6c00000|  0%| F|  |TAMS 0x00000000e6b00000, 0x00000000e6b00000| Untracked 
| 108|0x00000000e6c00000, 0x00000000e6c00000, 0x00000000e6d00000|  0%| F|  |TAMS 0x00000000e6c00000, 0x00000000e6c00000| Untracked 
| 109|0x00000000e6d00000, 0x00000000e6d00000, 0x00000000e6e00000|  0%| F|  |TAMS 0x00000000e6d00000, 0x00000000e6d00000| Untracked 
| 110|0x00000000e6e00000, 0x00000000e6e00000, 0x00000000e6f00000|  0%| F|  |TAMS 0x00000000e6e00000, 0x00000000e6e00000| Untracked 
| 111|0x00000000e6f00000, 0x00000000e6f00000, 0x00000000e7000000|  0%| F|  |TAMS 0x00000000e6f00000, 0x00000000e6f00000| Untracked 
| 112|0x00000000e7000000, 0x00000000e7000000, 0x00000000e7100000|  0%| F|  |TAMS 0x00000000e7000000, 0x00000000e7000000| Untracked 
| 113|0x00000000e7100000, 0x00000000e7100000, 0x00000000e7200000|  0%| F|  |TAMS 0x00000000e7100000, 0x00000000e7100000| Untracked 
| 114|0x00000000e7200000, 0x00000000e7200000, 0x00000000e7300000|  0%| F|  |TAMS 0x00000000e7200000, 0x00000000e7200000| Untracked 
| 115|0x00000000e7300000, 0x00000000e7300000, 0x00000000e7400000|  0%| F|  |TAMS 0x00000000e7300000, 0x00000000e7300000| Untracked 
| 116|0x00000000e7400000, 0x00000000e7400000, 0x00000000e7500000|  0%| F|  |TAMS 0x00000000e7400000, 0x00000000e7400000| Untracked 
| 117|0x00000000e7500000, 0x00000000e7500000, 0x00000000e7600000|  0%| F|  |TAMS 0x00000000e7500000, 0x00000000e7500000| Untracked 
| 118|0x00000000e7600000, 0x00000000e7600000, 0x00000000e7700000|  0%| F|  |TAMS 0x00000000e7600000, 0x00000000e7600000| Untracked 
| 119|0x00000000e7700000, 0x00000000e7700000, 0x00000000e7800000|  0%| F|  |TAMS 0x00000000e7700000, 0x00000000e7700000| Untracked 
| 120|0x00000000e7800000, 0x00000000e7800000, 0x00000000e7900000|  0%| F|  |TAMS 0x00000000e7800000, 0x00000000e7800000| Untracked 
| 121|0x00000000e7900000, 0x00000000e7900000, 0x00000000e7a00000|  0%| F|  |TAMS 0x00000000e7900000, 0x00000000e7900000| Untracked 
| 122|0x00000000e7a00000, 0x00000000e7a00000, 0x00000000e7b00000|  0%| F|  |TAMS 0x00000000e7a00000, 0x00000000e7a00000| Untracked 
| 123|0x00000000e7b00000, 0x00000000e7b00000, 0x00000000e7c00000|  0%| F|  |TAMS 0x00000000e7b00000, 0x00000000e7b00000| Untracked 
| 124|0x00000000e7c00000, 0x00000000e7c00000, 0x00000000e7d00000|  0%| F|  |TAMS 0x00000000e7c00000, 0x00000000e7c00000| Untracked 
| 125|0x00000000e7d00000, 0x00000000e7d00000, 0x00000000e7e00000|  0%| F|  |TAMS 0x00000000e7d00000, 0x00000000e7d00000| Untracked 
| 126|0x00000000e7e00000, 0x00000000e7e00000, 0x00000000e7f00000|  0%| F|  |TAMS 0x00000000e7e00000, 0x00000000e7e00000| Untracked 
| 127|0x00000000e7f00000, 0x00000000e7f00000, 0x00000000e8000000|  0%| F|  |TAMS 0x00000000e7f00000, 0x00000000e7f00000| Untracked 
| 128|0x00000000e8000000, 0x00000000e8000000, 0x00000000e8100000|  0%| F|  |TAMS 0x00000000e8000000, 0x00000000e8000000| Untracked 
| 129|0x00000000e8100000, 0x00000000e8100000, 0x00000000e8200000|  0%| F|  |TAMS 0x00000000e8100000, 0x00000000e8100000| Untracked 
| 130|0x00000000e8200000, 0x00000000e8200000, 0x00000000e8300000|  0%| F|  |TAMS 0x00000000e8200000, 0x00000000e8200000| Untracked 
| 131|0x00000000e8300000, 0x00000000e8300000, 0x00000000e8400000|  0%| F|  |TAMS 0x00000000e8300000, 0x00000000e8300000| Untracked 
| 132|0x00000000e8400000, 0x00000000e8400000, 0x00000000e8500000|  0%| F|  |TAMS 0x00000000e8400000, 0x00000000e8400000| Untracked 
| 133|0x00000000e8500000, 0x00000000e8500000, 0x00000000e8600000|  0%| F|  |TAMS 0x00000000e8500000, 0x00000000e8500000| Untracked 
| 134|0x00000000e8600000, 0x00000000e8600000, 0x00000000e8700000|  0%| F|  |TAMS 0x00000000e8600000, 0x00000000e8600000| Untracked 
| 135|0x00000000e8700000, 0x00000000e8700000, 0x00000000e8800000|  0%| F|  |TAMS 0x00000000e8700000, 0x00000000e8700000| Untracked 
| 136|0x00000000e8800000, 0x00000000e8800000, 0x00000000e8900000|  0%| F|  |TAMS 0x00000000e8800000, 0x00000000e8800000| Untracked 
| 137|0x00000000e8900000, 0x00000000e8900000, 0x00000000e8a00000|  0%| F|  |TAMS 0x00000000e8900000, 0x00000000e8900000| Untracked 
| 138|0x00000000e8a00000, 0x00000000e8a00000, 0x00000000e8b00000|  0%| F|  |TAMS 0x00000000e8a00000, 0x00000000e8a00000| Untracked 
| 139|0x00000000e8b00000, 0x00000000e8b00000, 0x00000000e8c00000|  0%| F|  |TAMS 0x00000000e8b00000, 0x00000000e8b00000| Untracked 
| 140|0x00000000e8c00000, 0x00000000e8c00000, 0x00000000e8d00000|  0%| F|  |TAMS 0x00000000e8c00000, 0x00000000e8c00000| Untracked 
| 141|0x00000000e8d00000, 0x00000000e8d00000, 0x00000000e8e00000|  0%| F|  |TAMS 0x00000000e8d00000, 0x00000000e8d00000| Untracked 
| 142|0x00000000e8e00000, 0x00000000e8e00000, 0x00000000e8f00000|  0%| F|  |TAMS 0x00000000e8e00000, 0x00000000e8e00000| Untracked 
| 143|0x00000000e8f00000, 0x00000000e8f00000, 0x00000000e9000000|  0%| F|  |TAMS 0x00000000e8f00000, 0x00000000e8f00000| Untracked 
| 144|0x00000000e9000000, 0x00000000e9000000, 0x00000000e9100000|  0%| F|  |TAMS 0x00000000e9000000, 0x00000000e9000000| Untracked 
| 145|0x00000000e9100000, 0x00000000e9100000, 0x00000000e9200000|  0%| F|  |TAMS 0x00000000e9100000, 0x00000000e9100000| Untracked 
| 146|0x00000000e9200000, 0x00000000e9200000, 0x00000000e9300000|  0%| F|  |TAMS 0x00000000e9200000, 0x00000000e9200000| Untracked 
| 147|0x00000000e9300000, 0x00000000e9300000, 0x00000000e9400000|  0%| F|  |TAMS 0x00000000e9300000, 0x00000000e9300000| Untracked 
| 148|0x00000000e9400000, 0x00000000e9400000, 0x00000000e9500000|  0%| F|  |TAMS 0x00000000e9400000, 0x00000000e9400000| Untracked 
| 149|0x00000000e9500000, 0x00000000e9500000, 0x00000000e9600000|  0%| F|  |TAMS 0x00000000e9500000, 0x00000000e9500000| Untracked 
| 150|0x00000000e9600000, 0x00000000e9600000, 0x00000000e9700000|  0%| F|  |TAMS 0x00000000e9600000, 0x00000000e9600000| Untracked 
| 151|0x00000000e9700000, 0x00000000e9700000, 0x00000000e9800000|  0%| F|  |TAMS 0x00000000e9700000, 0x00000000e9700000| Untracked 
| 152|0x00000000e9800000, 0x00000000e9800000, 0x00000000e9900000|  0%| F|  |TAMS 0x00000000e9800000, 0x00000000e9800000| Untracked 
| 153|0x00000000e9900000, 0x00000000e9900000, 0x00000000e9a00000|  0%| F|  |TAMS 0x00000000e9900000, 0x00000000e9900000| Untracked 
| 154|0x00000000e9a00000, 0x00000000e9a00000, 0x00000000e9b00000|  0%| F|  |TAMS 0x00000000e9a00000, 0x00000000e9a00000| Untracked 
| 155|0x00000000e9b00000, 0x00000000e9b00000, 0x00000000e9c00000|  0%| F|  |TAMS 0x00000000e9b00000, 0x00000000e9b00000| Untracked 
| 156|0x00000000e9c00000, 0x00000000e9c00000, 0x00000000e9d00000|  0%| F|  |TAMS 0x00000000e9c00000, 0x00000000e9c00000| Untracked 
| 157|0x00000000e9d00000, 0x00000000e9d00000, 0x00000000e9e00000|  0%| F|  |TAMS 0x00000000e9d00000, 0x00000000e9d00000| Untracked 
| 158|0x00000000e9e00000, 0x00000000e9e00000, 0x00000000e9f00000|  0%| F|  |TAMS 0x00000000e9e00000, 0x00000000e9e00000| Untracked 
| 159|0x00000000e9f00000, 0x00000000e9f00000, 0x00000000ea000000|  0%| F|  |TAMS 0x00000000e9f00000, 0x00000000e9f00000| Untracked 
| 160|0x00000000ea000000, 0x00000000ea000000, 0x00000000ea100000|  0%| F|  |TAMS 0x00000000ea000000, 0x00000000ea000000| Untracked 
| 161|0x00000000ea100000, 0x00000000ea100000, 0x00000000ea200000|  0%| F|  |TAMS 0x00000000ea100000, 0x00000000ea100000| Untracked 
| 162|0x00000000ea200000, 0x00000000ea200000, 0x00000000ea300000|  0%| F|  |TAMS 0x00000000ea200000, 0x00000000ea200000| Untracked 
| 163|0x00000000ea300000, 0x00000000ea300000, 0x00000000ea400000|  0%| F|  |TAMS 0x00000000ea300000, 0x00000000ea300000| Untracked 
| 164|0x00000000ea400000, 0x00000000ea400000, 0x00000000ea500000|  0%| F|  |TAMS 0x00000000ea400000, 0x00000000ea400000| Untracked 
| 165|0x00000000ea500000, 0x00000000ea500000, 0x00000000ea600000|  0%| F|  |TAMS 0x00000000ea500000, 0x00000000ea500000| Untracked 
| 166|0x00000000ea600000, 0x00000000ea600000, 0x00000000ea700000|  0%| F|  |TAMS 0x00000000ea600000, 0x00000000ea600000| Untracked 
| 167|0x00000000ea700000, 0x00000000ea700000, 0x00000000ea800000|  0%| F|  |TAMS 0x00000000ea700000, 0x00000000ea700000| Untracked 
| 168|0x00000000ea800000, 0x00000000ea800000, 0x00000000ea900000|  0%| F|  |TAMS 0x00000000ea800000, 0x00000000ea800000| Untracked 
| 169|0x00000000ea900000, 0x00000000ea900000, 0x00000000eaa00000|  0%| F|  |TAMS 0x00000000ea900000, 0x00000000ea900000| Untracked 
| 170|0x00000000eaa00000, 0x00000000eaa00000, 0x00000000eab00000|  0%| F|  |TAMS 0x00000000eaa00000, 0x00000000eaa00000| Untracked 
| 171|0x00000000eab00000, 0x00000000eab00000, 0x00000000eac00000|  0%| F|  |TAMS 0x00000000eab00000, 0x00000000eab00000| Untracked 
| 172|0x00000000eac00000, 0x00000000eac00000, 0x00000000ead00000|  0%| F|  |TAMS 0x00000000eac00000, 0x00000000eac00000| Untracked 
| 173|0x00000000ead00000, 0x00000000ead00000, 0x00000000eae00000|  0%| F|  |TAMS 0x00000000ead00000, 0x00000000ead00000| Untracked 
| 174|0x00000000eae00000, 0x00000000eae00000, 0x00000000eaf00000|  0%| F|  |TAMS 0x00000000eae00000, 0x00000000eae00000| Untracked 
| 175|0x00000000eaf00000, 0x00000000eaf00000, 0x00000000eb000000|  0%| F|  |TAMS 0x00000000eaf00000, 0x00000000eaf00000| Untracked 
| 176|0x00000000eb000000, 0x00000000eb000000, 0x00000000eb100000|  0%| F|  |TAMS 0x00000000eb000000, 0x00000000eb000000| Untracked 
| 177|0x00000000eb100000, 0x00000000eb100000, 0x00000000eb200000|  0%| F|  |TAMS 0x00000000eb100000, 0x00000000eb100000| Untracked 
| 178|0x00000000eb200000, 0x00000000eb200000, 0x00000000eb300000|  0%| F|  |TAMS 0x00000000eb200000, 0x00000000eb200000| Untracked 
| 179|0x00000000eb300000, 0x00000000eb300000, 0x00000000eb400000|  0%| F|  |TAMS 0x00000000eb300000, 0x00000000eb300000| Untracked 
| 180|0x00000000eb400000, 0x00000000eb400000, 0x00000000eb500000|  0%| F|  |TAMS 0x00000000eb400000, 0x00000000eb400000| Untracked 
| 181|0x00000000eb500000, 0x00000000eb500000, 0x00000000eb600000|  0%| F|  |TAMS 0x00000000eb500000, 0x00000000eb500000| Untracked 
| 182|0x00000000eb600000, 0x00000000eb600000, 0x00000000eb700000|  0%| F|  |TAMS 0x00000000eb600000, 0x00000000eb600000| Untracked 
| 183|0x00000000eb700000, 0x00000000eb700000, 0x00000000eb800000|  0%| F|  |TAMS 0x00000000eb700000, 0x00000000eb700000| Untracked 
| 184|0x00000000eb800000, 0x00000000eb800000, 0x00000000eb900000|  0%| F|  |TAMS 0x00000000eb800000, 0x00000000eb800000| Untracked 
| 185|0x00000000eb900000, 0x00000000eb900000, 0x00000000eba00000|  0%| F|  |TAMS 0x00000000eb900000, 0x00000000eb900000| Untracked 
| 186|0x00000000eba00000, 0x00000000eba00000, 0x00000000ebb00000|  0%| F|  |TAMS 0x00000000eba00000, 0x00000000eba00000| Untracked 
| 187|0x00000000ebb00000, 0x00000000ebb00000, 0x00000000ebc00000|  0%| F|  |TAMS 0x00000000ebb00000, 0x00000000ebb00000| Untracked 
| 188|0x00000000ebc00000, 0x00000000ebc00000, 0x00000000ebd00000|  0%| F|  |TAMS 0x00000000ebc00000, 0x00000000ebc00000| Untracked 
| 189|0x00000000ebd00000, 0x00000000ebd00000, 0x00000000ebe00000|  0%| F|  |TAMS 0x00000000ebd00000, 0x00000000ebd00000| Untracked 
| 190|0x00000000ebe00000, 0x00000000ebe00000, 0x00000000ebf00000|  0%| F|  |TAMS 0x00000000ebe00000, 0x00000000ebe00000| Untracked 
| 191|0x00000000ebf00000, 0x00000000ebf00000, 0x00000000ec000000|  0%| F|  |TAMS 0x00000000ebf00000, 0x00000000ebf00000| Untracked 
| 192|0x00000000ec000000, 0x00000000ec000000, 0x00000000ec100000|  0%| F|  |TAMS 0x00000000ec000000, 0x00000000ec000000| Untracked 
| 193|0x00000000ec100000, 0x00000000ec100000, 0x00000000ec200000|  0%| F|  |TAMS 0x00000000ec100000, 0x00000000ec100000| Untracked 
| 194|0x00000000ec200000, 0x00000000ec300000, 0x00000000ec300000|100%| E|  |TAMS 0x00000000ec200000, 0x00000000ec200000| Complete 
| 195|0x00000000ec300000, 0x00000000ec400000, 0x00000000ec400000|100%| E|CS|TAMS 0x00000000ec300000, 0x00000000ec300000| Complete 
| 196|0x00000000ec400000, 0x00000000ec500000, 0x00000000ec500000|100%| E|CS|TAMS 0x00000000ec400000, 0x00000000ec400000| Complete 
| 197|0x00000000ec500000, 0x00000000ec600000, 0x00000000ec600000|100%| E|CS|TAMS 0x00000000ec500000, 0x00000000ec500000| Complete 
| 198|0x00000000ec600000, 0x00000000ec700000, 0x00000000ec700000|100%| E|CS|TAMS 0x00000000ec600000, 0x00000000ec600000| Complete 
| 199|0x00000000ec700000, 0x00000000ec800000, 0x00000000ec800000|100%| E|CS|TAMS 0x00000000ec700000, 0x00000000ec700000| Complete 
| 200|0x00000000ec800000, 0x00000000ec900000, 0x00000000ec900000|100%| E|CS|TAMS 0x00000000ec800000, 0x00000000ec800000| Complete 
| 201|0x00000000ec900000, 0x00000000eca00000, 0x00000000eca00000|100%| E|CS|TAMS 0x00000000ec900000, 0x00000000ec900000| Complete 
| 202|0x00000000eca00000, 0x00000000ecb00000, 0x00000000ecb00000|100%| E|CS|TAMS 0x00000000eca00000, 0x00000000eca00000| Complete 
| 203|0x00000000ecb00000, 0x00000000ecc00000, 0x00000000ecc00000|100%| E|CS|TAMS 0x00000000ecb00000, 0x00000000ecb00000| Complete 
| 204|0x00000000ecc00000, 0x00000000ecd00000, 0x00000000ecd00000|100%| E|CS|TAMS 0x00000000ecc00000, 0x00000000ecc00000| Complete 
| 205|0x00000000ecd00000, 0x00000000ece00000, 0x00000000ece00000|100%| E|CS|TAMS 0x00000000ecd00000, 0x00000000ecd00000| Complete 
| 206|0x00000000ece00000, 0x00000000ecf00000, 0x00000000ecf00000|100%| E|CS|TAMS 0x00000000ece00000, 0x00000000ece00000| Complete 
| 207|0x00000000ecf00000, 0x00000000ed000000, 0x00000000ed000000|100%| E|CS|TAMS 0x00000000ecf00000, 0x00000000ecf00000| Complete 
| 208|0x00000000ed000000, 0x00000000ed100000, 0x00000000ed100000|100%| E|CS|TAMS 0x00000000ed000000, 0x00000000ed000000| Complete 
| 209|0x00000000ed100000, 0x00000000ed200000, 0x00000000ed200000|100%| E|CS|TAMS 0x00000000ed100000, 0x00000000ed100000| Complete 
| 210|0x00000000ed200000, 0x00000000ed300000, 0x00000000ed300000|100%| E|CS|TAMS 0x00000000ed200000, 0x00000000ed200000| Complete 
| 211|0x00000000ed300000, 0x00000000ed400000, 0x00000000ed400000|100%| E|CS|TAMS 0x00000000ed300000, 0x00000000ed300000| Complete 
| 212|0x00000000ed400000, 0x00000000ed500000, 0x00000000ed500000|100%| E|CS|TAMS 0x00000000ed400000, 0x00000000ed400000| Complete 
| 213|0x00000000ed500000, 0x00000000ed600000, 0x00000000ed600000|100%| E|CS|TAMS 0x00000000ed500000, 0x00000000ed500000| Complete 
| 214|0x00000000ed600000, 0x00000000ed700000, 0x00000000ed700000|100%| E|CS|TAMS 0x00000000ed600000, 0x00000000ed600000| Complete 
| 215|0x00000000ed700000, 0x00000000ed800000, 0x00000000ed800000|100%| E|CS|TAMS 0x00000000ed700000, 0x00000000ed700000| Complete 
| 216|0x00000000ed800000, 0x00000000ed900000, 0x00000000ed900000|100%| E|CS|TAMS 0x00000000ed800000, 0x00000000ed800000| Complete 
| 217|0x00000000ed900000, 0x00000000eda00000, 0x00000000eda00000|100%| E|CS|TAMS 0x00000000ed900000, 0x00000000ed900000| Complete 
| 218|0x00000000eda00000, 0x00000000edb00000, 0x00000000edb00000|100%| E|CS|TAMS 0x00000000eda00000, 0x00000000eda00000| Complete 
| 219|0x00000000edb00000, 0x00000000edc00000, 0x00000000edc00000|100%| E|CS|TAMS 0x00000000edb00000, 0x00000000edb00000| Complete 
| 220|0x00000000edc00000, 0x00000000edd00000, 0x00000000edd00000|100%| E|CS|TAMS 0x00000000edc00000, 0x00000000edc00000| Complete 
| 221|0x00000000edd00000, 0x00000000ede00000, 0x00000000ede00000|100%| E|CS|TAMS 0x00000000edd00000, 0x00000000edd00000| Complete 
| 222|0x00000000ede00000, 0x00000000edf00000, 0x00000000edf00000|100%| E|CS|TAMS 0x00000000ede00000, 0x00000000ede00000| Complete 
| 223|0x00000000edf00000, 0x00000000ee000000, 0x00000000ee000000|100%| E|CS|TAMS 0x00000000edf00000, 0x00000000edf00000| Complete 
| 224|0x00000000ee000000, 0x00000000ee100000, 0x00000000ee100000|100%| E|CS|TAMS 0x00000000ee000000, 0x00000000ee000000| Complete 
| 225|0x00000000ee100000, 0x00000000ee200000, 0x00000000ee200000|100%| E|CS|TAMS 0x00000000ee100000, 0x00000000ee100000| Complete 
| 226|0x00000000ee200000, 0x00000000ee2cd900, 0x00000000ee300000| 80%| S|CS|TAMS 0x00000000ee200000, 0x00000000ee200000| Complete 
| 227|0x00000000ee300000, 0x00000000ee400000, 0x00000000ee400000|100%| E|CS|TAMS 0x00000000ee300000, 0x00000000ee300000| Complete 
| 228|0x00000000ee400000, 0x00000000ee500000, 0x00000000ee500000|100%| E|CS|TAMS 0x00000000ee400000, 0x00000000ee400000| Complete 
| 229|0x00000000ee500000, 0x00000000ee600000, 0x00000000ee600000|100%| E|CS|TAMS 0x00000000ee500000, 0x00000000ee500000| Complete 
| 230|0x00000000ee600000, 0x00000000ee700000, 0x00000000ee700000|100%| E|CS|TAMS 0x00000000ee600000, 0x00000000ee600000| Complete 
| 231|0x00000000ee700000, 0x00000000ee800000, 0x00000000ee800000|100%| E|CS|TAMS 0x00000000ee700000, 0x00000000ee700000| Complete 
| 232|0x00000000ee800000, 0x00000000ee900000, 0x00000000ee900000|100%| E|CS|TAMS 0x00000000ee800000, 0x00000000ee800000| Complete 
| 233|0x00000000ee900000, 0x00000000eea00000, 0x00000000eea00000|100%| E|CS|TAMS 0x00000000ee900000, 0x00000000ee900000| Complete 
| 234|0x00000000eea00000, 0x00000000eeb00000, 0x00000000eeb00000|100%| E|CS|TAMS 0x00000000eea00000, 0x00000000eea00000| Complete 
| 235|0x00000000eeb00000, 0x00000000eec00000, 0x00000000eec00000|100%| E|CS|TAMS 0x00000000eeb00000, 0x00000000eeb00000| Complete 
| 236|0x00000000eec00000, 0x00000000eed00000, 0x00000000eed00000|100%| E|CS|TAMS 0x00000000eec00000, 0x00000000eec00000| Complete 
| 237|0x00000000eed00000, 0x00000000eee00000, 0x00000000eee00000|100%| E|CS|TAMS 0x00000000eed00000, 0x00000000eed00000| Complete 
| 238|0x00000000eee00000, 0x00000000eef00000, 0x00000000eef00000|100%| E|CS|TAMS 0x00000000eee00000, 0x00000000eee00000| Complete 
| 239|0x00000000eef00000, 0x00000000ef000000, 0x00000000ef000000|100%| E|CS|TAMS 0x00000000eef00000, 0x00000000eef00000| Complete 
| 240|0x00000000ef000000, 0x00000000ef100000, 0x00000000ef100000|100%| E|CS|TAMS 0x00000000ef000000, 0x00000000ef000000| Complete 
| 241|0x00000000ef100000, 0x00000000ef200000, 0x00000000ef200000|100%| E|CS|TAMS 0x00000000ef100000, 0x00000000ef100000| Complete 
| 242|0x00000000ef200000, 0x00000000ef300000, 0x00000000ef300000|100%| E|CS|TAMS 0x00000000ef200000, 0x00000000ef200000| Complete 
| 243|0x00000000ef300000, 0x00000000ef400000, 0x00000000ef400000|100%| E|CS|TAMS 0x00000000ef300000, 0x00000000ef300000| Complete 
| 244|0x00000000ef400000, 0x00000000ef500000, 0x00000000ef500000|100%| E|CS|TAMS 0x00000000ef400000, 0x00000000ef400000| Complete 
| 245|0x00000000ef500000, 0x00000000ef600000, 0x00000000ef600000|100%| E|CS|TAMS 0x00000000ef500000, 0x00000000ef500000| Complete 
| 246|0x00000000ef600000, 0x00000000ef700000, 0x00000000ef700000|100%| E|CS|TAMS 0x00000000ef600000, 0x00000000ef600000| Complete 
| 247|0x00000000ef700000, 0x00000000ef800000, 0x00000000ef800000|100%| E|CS|TAMS 0x00000000ef700000, 0x00000000ef700000| Complete 
| 248|0x00000000ef800000, 0x00000000ef900000, 0x00000000ef900000|100%| E|CS|TAMS 0x00000000ef800000, 0x00000000ef800000| Complete 
| 249|0x00000000ef900000, 0x00000000efa00000, 0x00000000efa00000|100%| E|  |TAMS 0x00000000ef900000, 0x00000000ef900000| Complete 
| 250|0x00000000efa00000, 0x00000000efb00000, 0x00000000efb00000|100%| E|CS|TAMS 0x00000000efa00000, 0x00000000efa00000| Complete 
| 251|0x00000000efb00000, 0x00000000efc00000, 0x00000000efc00000|100%| E|CS|TAMS 0x00000000efb00000, 0x00000000efb00000| Complete 
| 252|0x00000000efc00000, 0x00000000efd00000, 0x00000000efd00000|100%| E|CS|TAMS 0x00000000efc00000, 0x00000000efc00000| Complete 
| 253|0x00000000efd00000, 0x00000000efe00000, 0x00000000efe00000|100%| E|CS|TAMS 0x00000000efd00000, 0x00000000efd00000| Complete 
| 254|0x00000000efe00000, 0x00000000eff00000, 0x00000000eff00000|100%| E|CS|TAMS 0x00000000efe00000, 0x00000000efe00000| Complete 
| 255|0x00000000eff00000, 0x00000000f0000000, 0x00000000f0000000|100%| E|CS|TAMS 0x00000000eff00000, 0x00000000eff00000| Complete 

Card table byte_map: [0x00000133ff9b0000,0x00000133ffab0000] _byte_map_base: 0x00000133ff2b0000

Marking Bits (Prev, Next): (CMBitMap*) 0x00000133fe9ee370, (CMBitMap*) 0x00000133fe9ee3b0
 Prev Bits: [0x0000013397e70000, 0x0000013398670000)
 Next Bits: [0x0000013398670000, 0x0000013398e70000)

Polling page: 0x00000133fee20000

Metaspace:

Usage:
  Non-class:     11.55 MB used.
      Class:      1.85 MB used.
       Both:     13.40 MB used.

Virtual space:
  Non-class space:       64.00 MB reserved,      11.69 MB ( 18%) committed,  1 nodes.
      Class space:      320.00 MB reserved,       2.00 MB ( <1%) committed,  1 nodes.
             Both:      384.00 MB reserved,      13.69 MB (  4%) committed. 

Chunk freelists:
   Non-Class:  3.78 MB
       Class:  14.01 MB
        Both:  17.79 MB

MaxMetaspaceSize: 384.00 MB
CompressedClassSpaceSize: 320.00 MB
Initial GC threshold: 21.00 MB
Current GC threshold: 21.00 MB
CDS: on
MetaspaceReclaimPolicy: balanced
 - commit_granule_bytes: 65536.
 - commit_granule_words: 8192.
 - virtual_space_node_default_size: 8388608.
 - enlarge_chunks_in_place: 1.
 - new_chunks_are_fully_committed: 0.
 - uncommit_free_chunks: 1.
 - use_allocation_guard: 0.
 - handle_deallocations: 1.


Internal statistics:

num_allocs_failed_limit: 0.
num_arena_births: 194.
num_arena_deaths: 0.
num_vsnodes_births: 2.
num_vsnodes_deaths: 0.
num_space_committed: 219.
num_space_uncommitted: 0.
num_chunks_returned_to_freelist: 0.
num_chunks_taken_from_freelist: 609.
num_chunk_merges: 0.
num_chunk_splits: 410.
num_chunks_enlarged: 312.
num_inconsistent_stats: 0.

CodeHeap 'non-profiled nmethods': size=120000Kb used=1129Kb max_used=1129Kb free=118871Kb
 bounds [0x0000013390940000, 0x0000013390bb0000, 0x0000013397e70000]
CodeHeap 'profiled nmethods': size=120000Kb used=4543Kb max_used=4543Kb free=115456Kb
 bounds [0x0000013388e70000, 0x00000133892e0000, 0x00000133903a0000]
CodeHeap 'non-nmethods': size=5760Kb used=1216Kb max_used=1230Kb free=4543Kb
 bounds [0x00000133903a0000, 0x0000013390610000, 0x0000013390940000]
 total_blobs=2744 nmethods=2221 adapters=435
 compilation: enabled
              stopped_count=0, restarted_count=0
 full_count=0

Compilation events (20 events):
Event: 15.605 Thread 0x000001339b5bd590 2216       3       jdk.internal.misc.Unsafe::weakCompareAndSetInt (11 bytes)
Event: 15.606 Thread 0x000001339b5bd590 nmethod 2216 0x00000133892d5e90 code [0x00000133892d6020, 0x00000133892d6158]
Event: 15.608 Thread 0x000001339b5bd590 2218       3       jdk.internal.org.objectweb.asm.ClassWriter::toByteArray (1515 bytes)
Event: 15.616 Thread 0x000001339b5bd590 nmethod 2218 0x00000133892d6210 code [0x00000133892d6b40, 0x00000133892da8d8]
Event: 15.616 Thread 0x000001339b5bd590 2219       3       org.gradle.internal.service.DefaultServiceRegistry$SingletonService::get (5 bytes)
Event: 15.617 Thread 0x000001339b5bd590 nmethod 2219 0x00000133892dc890 code [0x00000133892dca20, 0x00000133892dcb68]
Event: 15.617 Thread 0x000001339b5bd590 2220   !   3       org.gradle.internal.service.DefaultServiceRegistry$ManagedObjectServiceProvider::getInstance (47 bytes)
Event: 15.617 Thread 0x000001339b5bd590 nmethod 2220 0x00000133892dcc10 code [0x00000133892dcde0, 0x00000133892dd2d8]
Event: 15.628 Thread 0x000001339b5bd590 2222       3       java.lang.invoke.LambdaForm::returnType (26 bytes)
Event: 15.628 Thread 0x000001339b5bd590 nmethod 2222 0x00000133892dd510 code [0x00000133892dd6c0, 0x00000133892dd878]
Event: 15.628 Thread 0x000001339b5bd590 2223       3       jdk.internal.org.objectweb.asm.MethodWriter::visitAnnotation (40 bytes)
Event: 15.629 Thread 0x000001339b5bd590 nmethod 2223 0x00000133892dd990 code [0x00000133892ddb40, 0x00000133892dddf8]
Event: 15.629 Thread 0x000001339b5bd590 2224       3       jdk.internal.org.objectweb.asm.AnnotationWriter::create (34 bytes)
Event: 15.631 Thread 0x000001339b5bd590 nmethod 2224 0x00000133892dde90 code [0x00000133892de080, 0x00000133892de538]
Event: 15.631 Thread 0x000001339b5bd590 2225       3       jdk.internal.org.objectweb.asm.AnnotationWriter::visitEnd (44 bytes)
Event: 15.631 Thread 0x000001339b5bd590 nmethod 2225 0x00000133892de710 code [0x00000133892de8a0, 0x00000133892dea38]
Event: 15.650 Thread 0x000001339b5bd590 2228       3       java.util.concurrent.locks.AbstractQueuedSynchronizer::compareAndSetState (13 bytes)
Event: 15.650 Thread 0x000001339b5bd590 nmethod 2228 0x00000133892deb90 code [0x00000133892ded20, 0x00000133892dee58]
Event: 15.651 Thread 0x000001339b5bd590 2229       3       java.util.concurrent.locks.AbstractQueuedSynchronizer::release (19 bytes)
Event: 15.651 Thread 0x000001339b5bd590 nmethod 2229 0x00000133892def10 code [0x00000133892df100, 0x00000133892df588]

GC Heap History (4 events):
Event: 3.685 GC heap before
{Heap before GC invocations=0 (full 0):
 garbage-first heap   total 262144K, used 26624K [0x00000000e0000000, 0x0000000100000000)
  region size 1024K, 23 young (23552K), 0 survivors (0K)
 Metaspace       used 3046K, committed 3200K, reserved 393216K
  class space    used 385K, committed 448K, reserved 327680K
}
Event: 4.467 GC heap after
{Heap after GC invocations=1 (full 0):
 garbage-first heap   total 262144K, used 10511K [0x00000000e0000000, 0x0000000100000000)
  region size 1024K, 3 young (3072K), 3 survivors (3072K)
 Metaspace       used 3046K, committed 3200K, reserved 393216K
  class space    used 385K, committed 448K, reserved 327680K
}
Event: 7.703 GC heap before
{Heap before GC invocations=1 (full 0):
 garbage-first heap   total 262144K, used 37135K [0x00000000e0000000, 0x0000000100000000)
  region size 1024K, 29 young (29696K), 3 survivors (3072K)
 Metaspace       used 3988K, committed 4160K, reserved 393216K
  class space    used 490K, committed 576K, reserved 327680K
}
Event: 7.706 GC heap after
{Heap after GC invocations=2 (full 0):
 garbage-first heap   total 262144K, used 11813K [0x00000000e0000000, 0x0000000100000000)
  region size 1024K, 1 young (1024K), 1 survivors (1024K)
 Metaspace       used 3988K, committed 4160K, reserved 393216K
  class space    used 490K, committed 576K, reserved 327680K
}

Dll operation events (15 events):
Event: 0.021 Loaded shared library C:\Users\AD\.jdks\corretto-17.0.10\bin\java.dll
Event: 0.067 Loaded shared library C:\Users\AD\.jdks\corretto-17.0.10\bin\jsvml.dll
Event: 0.631 Loaded shared library C:\Users\AD\.jdks\corretto-17.0.10\bin\zip.dll
Event: 0.635 Loaded shared library C:\Users\AD\.jdks\corretto-17.0.10\bin\instrument.dll
Event: 0.656 Loaded shared library C:\Users\AD\.jdks\corretto-17.0.10\bin\net.dll
Event: 0.661 Loaded shared library C:\Users\AD\.jdks\corretto-17.0.10\bin\nio.dll
Event: 0.676 Loaded shared library C:\Users\AD\.jdks\corretto-17.0.10\bin\zip.dll
Event: 2.076 Loaded shared library C:\Users\AD\.jdks\corretto-17.0.10\bin\jimage.dll
Event: 2.292 Loaded shared library C:\Users\AD\.jdks\corretto-17.0.10\bin\verify.dll
Event: 3.181 Loaded shared library C:\Users\AD\.gradle\native\c067742578af261105cb4f569cf0c3c89f3d7b1fecec35dd04571415982c5e48\windows-amd64\native-platform.dll
Event: 3.300 Loaded shared library C:\Users\AD\.gradle\native\38dada09dfb8b06ba9b0570ebf7e218e3eb74d4ef43ca46872605cf95ebc2f47\windows-amd64\native-platform-file-events.dll
Event: 10.580 Loaded shared library C:\Users\AD\.jdks\corretto-17.0.10\bin\management.dll
Event: 10.591 Loaded shared library C:\Users\AD\.jdks\corretto-17.0.10\bin\management_ext.dll
Event: 11.516 Loaded shared library C:\Users\AD\.jdks\corretto-17.0.10\bin\extnet.dll
Event: 13.556 Loaded shared library C:\Users\AD\.jdks\corretto-17.0.10\bin\sunmscapi.dll

Deoptimization events (20 events):
Event: 14.510 Thread 0x00000133b5ac6e50 Uncommon trap: trap_request=0xffffffc6 fr.pc=0x0000013390a4a984 relative=0x0000000000000f44
Event: 14.510 Thread 0x00000133b5ac6e50 Uncommon trap: reason=bimorphic_or_optimized_type_check action=maybe_recompile pc=0x0000013390a4a984 method=java.util.HashMap.putVal(ILjava/lang/Object;Ljava/lang/Object;ZZ)Ljava/lang/Object; @ 91 c2
Event: 14.510 Thread 0x00000133b5ac6e50 DEOPT PACKING pc=0x0000013390a4a984 sp=0x0000002d7ebfc580
Event: 14.510 Thread 0x00000133b5ac6e50 DEOPT UNPACKING pc=0x00000133903f69a3 sp=0x0000002d7ebfc520 mode 2
Event: 14.510 Thread 0x00000133b5ac6e50 Uncommon trap: trap_request=0xffffffc6 fr.pc=0x0000013390a4a984 relative=0x0000000000000f44
Event: 14.510 Thread 0x00000133b5ac6e50 Uncommon trap: reason=bimorphic_or_optimized_type_check action=maybe_recompile pc=0x0000013390a4a984 method=java.util.HashMap.putVal(ILjava/lang/Object;Ljava/lang/Object;ZZ)Ljava/lang/Object; @ 91 c2
Event: 14.510 Thread 0x00000133b5ac6e50 DEOPT PACKING pc=0x0000013390a4a984 sp=0x0000002d7ebfc580
Event: 14.510 Thread 0x00000133b5ac6e50 DEOPT UNPACKING pc=0x00000133903f69a3 sp=0x0000002d7ebfc520 mode 2
Event: 14.510 Thread 0x00000133b5ac6e50 Uncommon trap: trap_request=0xffffffc6 fr.pc=0x0000013390a4a984 relative=0x0000000000000f44
Event: 14.510 Thread 0x00000133b5ac6e50 Uncommon trap: reason=bimorphic_or_optimized_type_check action=maybe_recompile pc=0x0000013390a4a984 method=java.util.HashMap.putVal(ILjava/lang/Object;Ljava/lang/Object;ZZ)Ljava/lang/Object; @ 91 c2
Event: 14.510 Thread 0x00000133b5ac6e50 DEOPT PACKING pc=0x0000013390a4a984 sp=0x0000002d7ebfc580
Event: 14.510 Thread 0x00000133b5ac6e50 DEOPT UNPACKING pc=0x00000133903f69a3 sp=0x0000002d7ebfc520 mode 2
Event: 14.510 Thread 0x00000133b5ac6e50 Uncommon trap: trap_request=0xffffffc6 fr.pc=0x0000013390a4a984 relative=0x0000000000000f44
Event: 14.510 Thread 0x00000133b5ac6e50 Uncommon trap: reason=bimorphic_or_optimized_type_check action=maybe_recompile pc=0x0000013390a4a984 method=java.util.HashMap.putVal(ILjava/lang/Object;Ljava/lang/Object;ZZ)Ljava/lang/Object; @ 91 c2
Event: 14.510 Thread 0x00000133b5ac6e50 DEOPT PACKING pc=0x0000013390a4a984 sp=0x0000002d7ebfc580
Event: 14.510 Thread 0x00000133b5ac6e50 DEOPT UNPACKING pc=0x00000133903f69a3 sp=0x0000002d7ebfc520 mode 2
Event: 14.536 Thread 0x00000133b5ac6e50 Uncommon trap: trap_request=0xffffff45 fr.pc=0x0000013390a03bf8 relative=0x0000000000000258
Event: 14.536 Thread 0x00000133b5ac6e50 Uncommon trap: reason=unstable_if action=reinterpret pc=0x0000013390a03bf8 method=java.util.concurrent.ConcurrentHashMap.get(Ljava/lang/Object;)Ljava/lang/Object; @ 76 c2
Event: 14.536 Thread 0x00000133b5ac6e50 DEOPT PACKING pc=0x0000013390a03bf8 sp=0x0000002d7ebfbad0
Event: 14.536 Thread 0x00000133b5ac6e50 DEOPT UNPACKING pc=0x00000133903f69a3 sp=0x0000002d7ebfba38 mode 2

Classes unloaded (0 events):
No events

Classes redefined (0 events):
No events

Internal exceptions (20 events):
Event: 11.252 Thread 0x00000133fe9be6c0 Exception <a 'java/lang/NoSuchMethodError'{0x00000000ee0d4660}: 'java.lang.Object java.lang.invoke.DirectMethodHandle$Holder.invokeStaticInit(java.lang.Object, int, int, int, int)'> (0x00000000ee0d4660) 
thrown [s\src\hotspot\share\interpreter\linkResolver.cpp, line 759]
Event: 11.457 Thread 0x00000133fe9be6c0 Exception <a 'java/lang/NoSuchMethodError'{0x00000000edfd99d0}: 'java.lang.Object java.lang.invoke.DirectMethodHandle$Holder.invokeStaticInit(java.lang.Object, java.lang.Object, int, int, int, int)'> (0x00000000edfd99d0) 
thrown [s\src\hotspot\share\interpreter\linkResolver.cpp, line 759]
Event: 13.030 Thread 0x00000133fe9be6c0 Exception <a 'java/lang/NoSuchMethodError'{0x00000000eddd11e0}: 'void java.lang.invoke.DirectMethodHandle$Holder.invokeStatic(java.lang.Object, java.lang.Object, java.lang.Object)'> (0x00000000eddd11e0) 
thrown [s\src\hotspot\share\interpreter\linkResolver.cpp, line 759]
Event: 13.184 Thread 0x00000133fe9be6c0 Exception <a 'java/io/IOException'{0x00000000edc98bd8}> (0x00000000edc98bd8) 
thrown [s\src\hotspot\share\prims\jni.cpp, line 516]
Event: 14.172 Thread 0x00000133b5ac6e50 Exception <a 'java/lang/NoSuchMethodError'{0x00000000ed5cce30}: 'long java.lang.invoke.DirectMethodHandle$Holder.invokeInterface(java.lang.Object, java.lang.Object)'> (0x00000000ed5cce30) 
thrown [s\src\hotspot\share\interpreter\linkResolver.cpp, line 759]
Event: 14.186 Thread 0x00000133b5ac6e50 Exception <a 'java/lang/NoSuchMethodError'{0x00000000ed408258}: 'java.lang.Object java.lang.invoke.DirectMethodHandle$Holder.invokeVirtual(java.lang.Object, java.lang.Object, java.lang.Object)'> (0x00000000ed408258) 
thrown [s\src\hotspot\share\interpreter\linkResolver.cpp, line 759]
Event: 14.424 Thread 0x00000133b5ac6e50 Exception <a 'java/lang/NoSuchMethodError'{0x00000000ed1c1460}: 'void java.lang.invoke.DirectMethodHandle$Holder.invokeStatic(java.lang.Object, java.lang.Object)'> (0x00000000ed1c1460) 
thrown [s\src\hotspot\share\interpreter\linkResolver.cpp, line 759]
Event: 14.527 Thread 0x00000133b5ac6e50 Exception <a 'java/lang/NoSuchMethodError'{0x00000000ecf72928}: 'java.lang.Object java.lang.invoke.DirectMethodHandle$Holder.newInvokeSpecial(java.lang.Object, java.lang.Object, java.lang.Object, java.lang.Object, java.lang.Object)'> (0x00000000ecf72928) 
thrown [s\src\hotspot\share\interpreter\linkResolver.cpp, line 759]
Event: 14.631 Thread 0x00000133b5ac6e50 Exception <a 'java/lang/NoSuchMethodError'{0x00000000ecda0190}: 'void java.lang.invoke.DirectMethodHandle$Holder.invokeSpecial(java.lang.Object, java.lang.Object, java.lang.Object)'> (0x00000000ecda0190) 
thrown [s\src\hotspot\share\interpreter\linkResolver.cpp, line 759]
Event: 14.689 Thread 0x00000133b5ac6e50 Exception <a 'java/lang/NoSuchMethodError'{0x00000000ecc4d3c0}: 'java.lang.Object java.lang.invoke.DirectMethodHandle$Holder.newInvokeSpecial(java.lang.Object, java.lang.Object, java.lang.Object, java.lang.Object, java.lang.Object, java.lang.Object)'> (0x00000000ecc4d3c0) 
thrown [s\src\hotspot\share\interpreter\linkResolver.cpp, line 759]
Event: 14.696 Thread 0x00000133b5ac6e50 Exception <a 'java/lang/NoSuchMethodError'{0x00000000ecc64fe0}: 'void java.lang.invoke.DirectMethodHandle$Holder.invokeSpecial(java.lang.Object, java.lang.Object, java.lang.Object, java.lang.Object, java.lang.Object)'> (0x00000000ecc64fe0) 
thrown [s\src\hotspot\share\interpreter\linkResolver.cpp, line 759]
Event: 14.713 Thread 0x00000133b5ac6e50 Exception <a 'java/lang/NoSuchMethodError'{0x00000000ecc78ef8}: 'void java.lang.invoke.DirectMethodHandle$Holder.invokeStaticInit(java.lang.Object, java.lang.Object)'> (0x00000000ecc78ef8) 
thrown [s\src\hotspot\share\interpreter\linkResolver.cpp, line 759]
Event: 15.146 Thread 0x00000133b5ac6e50 Exception <a 'java/lang/NoSuchMethodError'{0x00000000ec938400}: 'void java.lang.invoke.DelegatingMethodHandle$Holder.reinvoke_L(java.lang.Object, java.lang.Object, java.lang.Object, java.lang.Object, java.lang.Object, java.lang.Object, java.lang.Object, java.lang.Object, java.lang.Object, java.lang.Object)'> (0x00000000ec938400) 
thrown [s\src\hotspot\share\interpreter\linkResolver.cpp, line 759]
Event: 15.147 Thread 0x00000133b5ac6e50 Exception <a 'java/lang/NoSuchMethodError'{0x00000000ec940870}: 'java.lang.Object java.lang.invoke.DirectMethodHandle$Holder.invokeSpecial(java.lang.Object, java.lang.Object, java.lang.Object, java.lang.Object, java.lang.Object, java.lang.Object, java.lang.Object, java.lang.Object, java.lang.Object, java.lang.Object)'> (0x00000000ec940870) 
thrown [s\src\hotspot\share\interpreter\linkResolver.cpp, line 759]
Event: 15.148 Thread 0x00000133b5ac6e50 Exception <a 'java/lang/NoSuchMethodError'{0x00000000ec945140}: 'java.lang.Object java.lang.invoke.Invokers$Holder.invoker(java.lang.Object, java.lang.Object, java.lang.Object, java.lang.Object, java.lang.Object, java.lang.Object, java.lang.Object, java.lang.Object, java.lang.Object, java.lang.Object)'> (0x00000000ec945140) 
thrown [s\src\hotspot\share\interpreter\linkResolver.cpp, line 759]
Event: 15.149 Thread 0x00000133b5ac6e50 Exception <a 'java/lang/NoSuchMethodError'{0x00000000ec94acc8}: 'java.lang.Object java.lang.invoke.DirectMethodHandle$Holder.invokeSpecial(java.lang.Object, java.lang.Object, java.lang.Object, java.lang.Object, java.lang.Object, java.lang.Object, java.lang.Object, java.lang.Object, java.lang.Object, java.lang.Object, java.lang.Object)'> (0x00000000ec94acc8) 
thrown [s\src\hotspot\share\interpreter\linkResolver.cpp, line 759]
Event: 15.596 Thread 0x00000133b5ac6e50 Exception <a 'java/lang/NoSuchMethodError'{0x00000000ec312970}: 'void java.lang.invoke.DirectMethodHandle$Holder.invokeStaticInit(java.lang.Object)'> (0x00000000ec312970) 
thrown [s\src\hotspot\share\interpreter\linkResolver.cpp, line 759]
Event: 15.628 Thread 0x00000133b5ac6e50 Exception <a 'java/lang/NoSuchMethodError'{0x00000000ec3c6620}: 'java.lang.Object java.lang.invoke.DirectMethodHandle$Holder.newInvokeSpecial(java.lang.Object, java.lang.Object, java.lang.Object, int)'> (0x00000000ec3c6620) 
thrown [s\src\hotspot\share\interpreter\linkResolver.cpp, line 759]
Event: 15.631 Thread 0x00000133b5ac6e50 Exception <a 'java/lang/NoSuchMethodError'{0x00000000ec3caf50}: 'java.lang.Object java.lang.invoke.DirectMethodHandle$Holder.invokeSpecial(java.lang.Object, java.lang.Object, java.lang.Object, java.lang.Object, int)'> (0x00000000ec3caf50) 
thrown [s\src\hotspot\share\interpreter\linkResolver.cpp, line 759]
Event: 15.632 Thread 0x00000133b5ac6e50 Exception <a 'java/lang/NoSuchMethodError'{0x00000000ec3cf068}: 'java.lang.Object java.lang.invoke.Invokers$Holder.linkToTargetMethod(java.lang.Object, java.lang.Object, int, java.lang.Object)'> (0x00000000ec3cf068) 
thrown [s\src\hotspot\share\interpreter\linkResolver.cpp, line 759]

VM Operations (20 events):
Event: 10.917 Executing VM operation: HandshakeAllThreads
Event: 10.917 Executing VM operation: HandshakeAllThreads done
Event: 10.917 Executing VM operation: Cleanup
Event: 10.919 Executing VM operation: Cleanup done
Event: 11.183 Executing VM operation: HandshakeAllThreads
Event: 11.183 Executing VM operation: HandshakeAllThreads done
Event: 11.432 Executing VM operation: HandshakeAllThreads
Event: 11.432 Executing VM operation: HandshakeAllThreads done
Event: 12.440 Executing VM operation: Cleanup
Event: 12.456 Executing VM operation: Cleanup done
Event: 13.026 Executing VM operation: HandshakeAllThreads
Event: 13.026 Executing VM operation: HandshakeAllThreads done
Event: 13.523 Executing VM operation: HandshakeAllThreads
Event: 13.523 Executing VM operation: HandshakeAllThreads done
Event: 13.523 Executing VM operation: Cleanup
Event: 13.523 Executing VM operation: Cleanup done
Event: 14.536 Executing VM operation: Cleanup
Event: 14.536 Executing VM operation: Cleanup done
Event: 14.923 Executing VM operation: HandshakeAllThreads
Event: 14.923 Executing VM operation: HandshakeAllThreads done

Events (20 events):
Event: 15.538 loading class java/nio/file/FileSystemException
Event: 15.538 loading class java/nio/file/FileSystemException done
Event: 15.538 loading class java/nio/file/NoSuchFileException done
Event: 15.541 loading class java/nio/file/attribute/PosixFilePermissions
Event: 15.542 loading class java/nio/file/attribute/PosixFilePermissions done
Event: 15.542 loading class java/nio/file/attribute/PosixFilePermissions$1
Event: 15.542 loading class java/nio/file/attribute/PosixFilePermissions$1 done
Event: 15.553 loading class sun/invoke/util/VerifyAccess$1
Event: 15.554 loading class sun/invoke/util/VerifyAccess$1 done
Event: 15.624 loading class java/util/concurrent/ArrayBlockingQueue
Event: 15.625 loading class java/util/concurrent/ArrayBlockingQueue done
Event: 15.626 loading class java/util/concurrent/locks/ReentrantLock$FairSync
Event: 15.626 loading class java/util/concurrent/locks/ReentrantLock$FairSync done
Event: 15.626 Thread 0x00000133b5ac7d80 Thread added: 0x00000133b5ac7d80
Event: 15.636 loading class sun/misc/Unsafe
Event: 15.637 loading class sun/misc/Unsafe done
Event: 15.646 Thread 0x00000133b5ac8290 Thread added: 0x00000133b5ac8290
Event: 15.648 loading class java/net/DatagramPacket
Event: 15.649 loading class java/net/DatagramPacket done
Event: 15.650 loading class sun/nio/ch/DatagramSocketAdaptor$DatagramPackets


Dynamic libraries:
0x00007ff646010000 - 0x00007ff64601e000 	C:\Users\AD\.jdks\corretto-17.0.10\bin\java.exe
0x00007ffc47c10000 - 0x00007ffc47e08000 	C:\Windows\SYSTEM32\ntdll.dll
0x00007ffc464a0000 - 0x00007ffc4655d000 	C:\Windows\System32\KERNEL32.DLL
0x00007ffc45720000 - 0x00007ffc45a16000 	C:\Windows\System32\KERNELBASE.dll
0x00007ffc45450000 - 0x00007ffc45550000 	C:\Windows\System32\ucrtbase.dll
0x00007ffc3fb30000 - 0x00007ffc3fb47000 	C:\Users\AD\.jdks\corretto-17.0.10\bin\jli.dll
0x00007ffc47460000 - 0x00007ffc475ff000 	C:\Windows\System32\USER32.dll
0x00007ffc45550000 - 0x00007ffc45572000 	C:\Windows\System32\win32u.dll
0x00007ffc46f70000 - 0x00007ffc46f9b000 	C:\Windows\System32\GDI32.dll
0x00007ffc45330000 - 0x00007ffc45447000 	C:\Windows\System32\gdi32full.dll
0x00007ffc45580000 - 0x00007ffc4561d000 	C:\Windows\System32\msvcp_win.dll
0x00007ffc24200000 - 0x00007ffc2421b000 	C:\Users\AD\.jdks\corretto-17.0.10\bin\VCRUNTIME140.dll
0x00007ffc23560000 - 0x00007ffc237fa000 	C:\Windows\WinSxS\amd64_microsoft.windows.common-controls_6595b64144ccf1df_6.0.19041.3636_none_60b6a03d71f818d5\COMCTL32.dll
0x00007ffc462c0000 - 0x00007ffc4635e000 	C:\Windows\System32\msvcrt.dll
0x00007ffc47860000 - 0x00007ffc47892000 	C:\Windows\System32\IMM32.DLL
0x00007ffc40380000 - 0x00007ffc4038c000 	C:\Users\AD\.jdks\corretto-17.0.10\bin\vcruntime140_1.dll
0x00007ffc141e0000 - 0x00007ffc1426d000 	C:\Users\AD\.jdks\corretto-17.0.10\bin\msvcp140.dll
0x00007ffc0a990000 - 0x00007ffc0b5f2000 	C:\Users\AD\.jdks\corretto-17.0.10\bin\server\jvm.dll
0x00007ffc45c40000 - 0x00007ffc45cf0000 	C:\Windows\System32\ADVAPI32.dll
0x00007ffc46fa0000 - 0x00007ffc47040000 	C:\Windows\System32\sechost.dll
0x00007ffc46360000 - 0x00007ffc46483000 	C:\Windows\System32\RPCRT4.dll
0x00007ffc45c10000 - 0x00007ffc45c37000 	C:\Windows\System32\bcrypt.dll
0x00007ffc3eb60000 - 0x00007ffc3eb69000 	C:\Windows\SYSTEM32\WSOCK32.dll
0x00007ffc47600000 - 0x00007ffc4766b000 	C:\Windows\System32\WS2_32.dll
0x00007ffc3f240000 - 0x00007ffc3f267000 	C:\Windows\SYSTEM32\WINMM.dll
0x00007ffc400c0000 - 0x00007ffc400ca000 	C:\Windows\SYSTEM32\VERSION.dll
0x00007ffc44850000 - 0x00007ffc4489b000 	C:\Windows\SYSTEM32\POWRPROF.dll
0x00007ffc446c0000 - 0x00007ffc446d2000 	C:\Windows\SYSTEM32\UMPDC.dll
0x00007ffc43150000 - 0x00007ffc43162000 	C:\Windows\SYSTEM32\kernel.appcore.dll
0x00007ffc2e930000 - 0x00007ffc2e93a000 	C:\Users\AD\.jdks\corretto-17.0.10\bin\jimage.dll
0x00007ffc36d10000 - 0x00007ffc36ef4000 	C:\Windows\SYSTEM32\DBGHELP.DLL
0x00007ffc304b0000 - 0x00007ffc304e4000 	C:\Windows\SYSTEM32\dbgcore.DLL
0x00007ffc45b80000 - 0x00007ffc45c02000 	C:\Windows\System32\bcryptPrimitives.dll
0x00007ffc241f0000 - 0x00007ffc241fe000 	C:\Users\AD\.jdks\corretto-17.0.10\bin\instrument.dll
0x00007ffc234f0000 - 0x00007ffc23515000 	C:\Users\AD\.jdks\corretto-17.0.10\bin\java.dll
0x00007ffc121d0000 - 0x00007ffc122a7000 	C:\Users\AD\.jdks\corretto-17.0.10\bin\jsvml.dll
0x00007ffc46560000 - 0x00007ffc46ccb000 	C:\Windows\System32\SHELL32.dll
0x00007ffc43350000 - 0x00007ffc43aee000 	C:\Windows\SYSTEM32\windows.storage.dll
0x00007ffc47100000 - 0x00007ffc47453000 	C:\Windows\System32\combase.dll
0x00007ffc44cf0000 - 0x00007ffc44d1e000 	C:\Windows\SYSTEM32\Wldp.dll
0x00007ffc47b00000 - 0x00007ffc47bcd000 	C:\Windows\System32\OLEAUT32.dll
0x00007ffc47680000 - 0x00007ffc4772d000 	C:\Windows\System32\SHCORE.dll
0x00007ffc46f10000 - 0x00007ffc46f65000 	C:\Windows\System32\shlwapi.dll
0x00007ffc451f0000 - 0x00007ffc45213000 	C:\Windows\SYSTEM32\profapi.dll
0x00007ffc232d0000 - 0x00007ffc232e8000 	C:\Users\AD\.jdks\corretto-17.0.10\bin\zip.dll
0x00007ffc232b0000 - 0x00007ffc232c9000 	C:\Users\AD\.jdks\corretto-17.0.10\bin\net.dll
0x00007ffc3d900000 - 0x00007ffc3da0a000 	C:\Windows\SYSTEM32\WINHTTP.dll
0x00007ffc44a50000 - 0x00007ffc44aba000 	C:\Windows\system32\mswsock.dll
0x00007ffc23290000 - 0x00007ffc232a6000 	C:\Users\AD\.jdks\corretto-17.0.10\bin\nio.dll
0x00007ffc241c0000 - 0x00007ffc241d0000 	C:\Users\AD\.jdks\corretto-17.0.10\bin\verify.dll
0x00007ffc234c0000 - 0x00007ffc234e7000 	C:\Users\AD\.gradle\native\c067742578af261105cb4f569cf0c3c89f3d7b1fecec35dd04571415982c5e48\windows-amd64\native-platform.dll
0x00007ffc11ec0000 - 0x00007ffc12004000 	C:\Users\AD\.gradle\native\38dada09dfb8b06ba9b0570ebf7e218e3eb74d4ef43ca46872605cf95ebc2f47\windows-amd64\native-platform-file-events.dll
0x00007ffc238d0000 - 0x00007ffc238d9000 	C:\Users\AD\.jdks\corretto-17.0.10\bin\management.dll
0x00007ffc23280000 - 0x00007ffc2328b000 	C:\Users\AD\.jdks\corretto-17.0.10\bin\management_ext.dll
0x00007ffc45cf0000 - 0x00007ffc45cf8000 	C:\Windows\System32\PSAPI.DLL
0x00007ffc44c50000 - 0x00007ffc44c68000 	C:\Windows\SYSTEM32\CRYPTSP.dll
0x00007ffc44300000 - 0x00007ffc44334000 	C:\Windows\system32\rsaenh.dll
0x00007ffc451b0000 - 0x00007ffc451de000 	C:\Windows\SYSTEM32\USERENV.dll
0x00007ffc44c40000 - 0x00007ffc44c4c000 	C:\Windows\SYSTEM32\CRYPTBASE.dll
0x00007ffc446e0000 - 0x00007ffc4471b000 	C:\Windows\SYSTEM32\IPHLPAPI.DLL
0x00007ffc46490000 - 0x00007ffc46498000 	C:\Windows\System32\NSI.dll
0x00007ffc3e660000 - 0x00007ffc3e677000 	C:\Windows\SYSTEM32\dhcpcsvc6.DLL
0x00007ffc3ec60000 - 0x00007ffc3ec7d000 	C:\Windows\SYSTEM32\dhcpcsvc.DLL
0x00007ffc44720000 - 0x00007ffc447eb000 	C:\Windows\SYSTEM32\DNSAPI.dll
0x00007ffc231a0000 - 0x00007ffc231a9000 	C:\Users\AD\.jdks\corretto-17.0.10\bin\extnet.dll
0x00007ffc23190000 - 0x00007ffc2319e000 	C:\Users\AD\.jdks\corretto-17.0.10\bin\sunmscapi.dll
0x00007ffc45a20000 - 0x00007ffc45b7e000 	C:\Windows\System32\CRYPT32.dll
0x00007ffc44d60000 - 0x00007ffc44d88000 	C:\Windows\SYSTEM32\ncrypt.dll
0x00007ffc44d20000 - 0x00007ffc44d5b000 	C:\Windows\SYSTEM32\NTASN1.dll
0x00007ffc25120000 - 0x00007ffc25127000 	C:\Windows\system32\wshunix.dll

dbghelp: loaded successfully - version: 4.0.5 - missing functions: none
symbol engine: initialized successfully - sym options: 0x614 - pdb path: .;C:\Users\AD\.jdks\corretto-17.0.10\bin;C:\Windows\SYSTEM32;C:\Windows\WinSxS\amd64_microsoft.windows.common-controls_6595b64144ccf1df_6.0.19041.3636_none_60b6a03d71f818d5;C:\Users\AD\.jdks\corretto-17.0.10\bin\server;C:\Users\AD\.gradle\native\c067742578af261105cb4f569cf0c3c89f3d7b1fecec35dd04571415982c5e48\windows-amd64;C:\Users\AD\.gradle\native\38dada09dfb8b06ba9b0570ebf7e218e3eb74d4ef43ca46872605cf95ebc2f47\windows-amd64

VM Arguments:
jvm_args: --add-opens=java.base/java.util=ALL-UNNAMED --add-opens=java.base/java.lang=ALL-UNNAMED --add-opens=java.base/java.lang.invoke=ALL-UNNAMED --add-opens=java.prefs/java.util.prefs=ALL-UNNAMED --add-opens=java.base/java.nio.charset=ALL-UNNAMED --add-opens=java.base/java.net=ALL-UNNAMED --add-opens=java.base/java.util.concurrent.atomic=ALL-UNNAMED -XX:MaxMetaspaceSize=384m -XX:+HeapDumpOnOutOfMemoryError -Xms256m -Xmx512m -Dfile.encoding=windows-1252 -Duser.country=US -Duser.language=en -Duser.variant -javaagent:C:\Users\AD\.gradle\wrapper\dists\gradle-8.7-bin\bhs2wmbdwecv87pi65oeuq5iu\gradle-8.7\lib\agents\gradle-instrumentation-agent-8.7.jar 
java_command: org.gradle.launcher.daemon.bootstrap.GradleDaemon 8.7
java_class_path (initial): C:\Users\AD\.gradle\wrapper\dists\gradle-8.7-bin\bhs2wmbdwecv87pi65oeuq5iu\gradle-8.7\lib\gradle-launcher-8.7.jar
Launcher Type: SUN_STANDARD

[Global flags]
     intx CICompilerCount                          = 4                                         {product} {ergonomic}
   size_t CompressedClassSpaceSize                 = 335544320                                 {product} {ergonomic}
     uint ConcGCThreads                            = 2                                         {product} {ergonomic}
     uint G1ConcRefinementThreads                  = 8                                         {product} {ergonomic}
   size_t G1HeapRegionSize                         = 1048576                                   {product} {ergonomic}
    uintx GCDrainStackTargetSize                   = 64                                        {product} {ergonomic}
     bool HeapDumpOnOutOfMemoryError               = true                                   {manageable} {command line}
   size_t InitialHeapSize                          = 268435456                                 {product} {command line}
   size_t MarkStackSize                            = 4194304                                   {product} {ergonomic}
   size_t MaxHeapSize                              = 536870912                                 {product} {command line}
   size_t MaxMetaspaceSize                         = 402653184                                 {product} {command line}
   size_t MaxNewSize                               = 321912832                                 {product} {ergonomic}
   size_t MinHeapDeltaBytes                        = 1048576                                   {product} {ergonomic}
   size_t MinHeapSize                              = 268435456                                 {product} {command line}
    uintx NonNMethodCodeHeapSize                   = 5839372                                {pd product} {ergonomic}
    uintx NonProfiledCodeHeapSize                  = 122909434                              {pd product} {ergonomic}
    uintx ProfiledCodeHeapSize                     = 122909434                              {pd product} {ergonomic}
    uintx ReservedCodeCacheSize                    = 251658240                              {pd product} {ergonomic}
     bool SegmentedCodeCache                       = true                                      {product} {ergonomic}
   size_t SoftMaxHeapSize                          = 536870912                              {manageable} {ergonomic}
     bool UseCompressedClassPointers               = true                           {product lp64_product} {ergonomic}
     bool UseCompressedOops                        = true                           {product lp64_product} {ergonomic}
     bool UseG1GC                                  = true                                      {product} {ergonomic}
     bool UseLargePagesIndividualAllocation        = false                                  {pd product} {ergonomic}

Logging:
Log output configuration:
 #0: stdout all=warning uptime,level,tags
 #1: stderr all=off uptime,level,tags

Environment Variables:
JAVA_HOME=C:\Users\AD\.jdks\corretto-17.0.9
PATH=C:\Windows\system32;C:\Windows;C:\Windows\System32\Wbem;C:\Windows\System32\WindowsPowerShell\v1.0\;C:\Windows\System32\OpenSSH\;C:\Program Files\Git\cmd;C:\Program Files\nodejs\;C:\Users\apache-maven-3.9.6\bin;C:\Users\AD\.jdks\corretto-17.0.9\bin;C:\Program Files (x86)\PuTTY\;C:\Program Files\MySQL\MySQL Shell 8.0\bin\;C:\Users\AD\AppData\Local\Microsoft\WindowsApps;C:\Program Files\JetBrains\IntelliJ IDEA 2023.3\bin;;C:\Users\AD\AppData\Local\Programs\Microsoft VS Code\bin;C:\Users\AD\AppData\Roaming\npm;C:\Program Files\heroku\bin;C:\Program Files\JetBrains\spring-3.2.4\bin;
USERNAME=AD
OS=Windows_NT
PROCESSOR_IDENTIFIER=Intel64 Family 6 Model 142 Stepping 12, GenuineIntel
TMP=C:\Users\AD\AppData\Local\Temp
TEMP=C:\Users\AD\AppData\Local\Temp



Periodic native trim disabled


---------------  S Y S T E M  ---------------

OS:
 Windows 10 , 64 bit Build 19041 (10.0.19041.3636)
OS uptime: 12 days 4:07 hours

CPU: total 8 (initial active 8) (4 cores per cpu, 2 threads per core) family 6 model 142 stepping 12 microcode 0xf8, cx8, cmov, fxsr, ht, mmx, 3dnowpref, sse, sse2, sse3, ssse3, sse4.1, sse4.2, popcnt, lzcnt, tsc, tscinvbit, avx, avx2, aes, erms, clmul, bmi1, bmi2, adx, fma, vzeroupper, clflush, clflushopt
Processor Information for all 8 processors :
  Max Mhz: 1800, Current Mhz: 1600, Mhz Limit: 1584

Memory: 4k page, system-wide physical 12148M (217M free)
TotalPageFile size 26376M (AvailPageFile size 7M)
current process WorkingSet (physical memory assigned to process): 163M, peak: 163M
current process commit charge ("private bytes"): 400M, peak: 401M

vm_info: OpenJDK 64-Bit Server VM (17.0.10+7-LTS) for windows-amd64 JRE (17.0.10+7-LTS), built on Jan 10 2024 22:11:07 by "Administrator" with MS VC++ 16.10 / 16.11 (VS2019)

END.
